  Compiling CUDA source file kernel.cu...
  
  C:\Users\yoavo\Documents\GitHub\Cudheart\test\CudaLibrary\CudaProject>"C:\Program Files\NVIDIA GPU Computing Toolkit\CUDA\v11.6\bin\nvcc.exe" -gencode=arch=compute_52,code=\"sm_52,compute_52\" --use-local-env -ccbin "C:\Program Files\Microsoft Visual Studio\2022\Community\VC\Tools\MSVC\14.33.31517\bin\HostX64\x64" -x cu   -I"C:\Program Files\NVIDIA GPU Computing Toolkit\CUDA\v11.6\include" -I"C:\Program Files\NVIDIA GPU Computing Toolkit\CUDA\v11.6\include"  -G   --keep-dir x64\Debug  -maxrregcount=0  --machine 64 --compile -cudart static  -g  -DWIN32 -DWIN64 -D_DEBUG -D_CONSOLE -D_MBCS -Xcompiler "/EHsc /W3 /nologo /Od /Fdx64\Debug\vc143.pdb /FS /Zi /RTC1 /MDd " -o C:\Users\yoavo\Documents\GitHub\Cudheart\test\CudaLibrary\CudaProject\x64\Debug\kernel.cu.obj "C:\Users\yoavo\Documents\GitHub\Cudheart\test\CudaLibrary\CudaProject\kernel.cu" 
C:\Users\yoavo\Documents\GitHub\Cudheart\test\CudaLibrary\CudaProject\clientHeader.cuh(8): error : identifier "import" is undefined
  
  1 error detected in the compilation of "C:/Users/yoavo/Documents/GitHub/Cudheart/test/CudaLibrary/CudaProject/kernel.cu".
  kernel.cu
C:\Program Files\Microsoft Visual Studio\2022\Community\MSBuild\Microsoft\VC\v170\BuildCustomizations\CUDA 11.6.targets(790,9): error MSB3721: The command ""C:\Program Files\NVIDIA GPU Computing Toolkit\CUDA\v11.6\bin\nvcc.exe" -gencode=arch=compute_52,code=\"sm_52,compute_52\" --use-local-env -ccbin "C:\Program Files\Microsoft Visual Studio\2022\Community\VC\Tools\MSVC\14.33.31517\bin\HostX64\x64" -x cu   -I"C:\Program Files\NVIDIA GPU Computing Toolkit\CUDA\v11.6\include" -I"C:\Program Files\NVIDIA GPU Computing Toolkit\CUDA\v11.6\include"  -G   --keep-dir x64\Debug  -maxrregcount=0  --machine 64 --compile -cudart static  -g  -DWIN32 -DWIN64 -D_DEBUG -D_CONSOLE -D_MBCS -Xcompiler "/EHsc /W3 /nologo /Od /Fdx64\Debug\vc143.pdb /FS /Zi /RTC1 /MDd " -o C:\Users\yoavo\Documents\GitHub\Cudheart\test\CudaLibrary\CudaProject\x64\Debug\kernel.cu.obj "C:\Users\yoavo\Documents\GitHub\Cudheart\test\CudaLibrary\CudaProject\kernel.cu"" exited with code 1.
