  main.cpp
main.obj : error LNK2019: unresolved external symbol _runTest referenced in function _main
D:\Github\Cudheart\cpp_src\Cudheart\Debug\Cudheart.exe : fatal error LNK1120: 1 unresolved externals
